app/build/intermediates/manifest_merge_blame_file/debug/processDebugMainManifest/manifest-merger-blame-debug-report.txt
1<?xml version="1.0" encoding="utf-8"?>
2<manifest xmlns:android="http://schemas.android.com/apk/res/android"
3    package="com.kooo.evcam"
4    android:versionCode="17"
5    android:versionName="1.0.4-test-02041454" >
6
7    <uses-sdk
8        android:minSdkVersion="28"
9        android:targetSdkVersion="36" />
10
11    <!-- 摄像头权限 -->
12    <uses-permission android:name="android.permission.CAMERA" />
12-->src/main/AndroidManifest.xml:6:5-65
12-->src/main/AndroidManifest.xml:6:22-62
13    <uses-permission android:name="android.permission.READ_LOGS" />
13-->src/main/AndroidManifest.xml:7:5-68
13-->src/main/AndroidManifest.xml:7:22-65
14    <!-- 录音权限（如果需要音频） -->
15    <uses-permission android:name="android.permission.RECORD_AUDIO" />
15-->src/main/AndroidManifest.xml:9:5-71
15-->src/main/AndroidManifest.xml:9:22-68
16    <!-- 存储权限 -->
17    <uses-permission
17-->src/main/AndroidManifest.xml:11:5-12:38
18        android:name="android.permission.WRITE_EXTERNAL_STORAGE"
18-->src/main/AndroidManifest.xml:11:22-78
19        android:maxSdkVersion="32" />
19-->src/main/AndroidManifest.xml:12:9-35
20    <uses-permission
20-->src/main/AndroidManifest.xml:13:5-14:38
21        android:name="android.permission.READ_EXTERNAL_STORAGE"
21-->src/main/AndroidManifest.xml:13:22-77
22        android:maxSdkVersion="32" />
22-->src/main/AndroidManifest.xml:14:9-35
23    <!-- Android 13+ 媒体权限 -->
24    <uses-permission android:name="android.permission.READ_MEDIA_VIDEO" />
24-->src/main/AndroidManifest.xml:16:5-75
24-->src/main/AndroidManifest.xml:16:22-72
25    <uses-permission android:name="android.permission.READ_MEDIA_IMAGES" />
25-->src/main/AndroidManifest.xml:17:5-76
25-->src/main/AndroidManifest.xml:17:22-73
26    <!-- Android 11+ 所有文件访问权限（用于访问U盘公共目录） -->
27    <uses-permission android:name="android.permission.MANAGE_EXTERNAL_STORAGE" />
27-->src/main/AndroidManifest.xml:19:5-20:40
27-->src/main/AndroidManifest.xml:19:22-79
28    <!-- 网络权限（用于钉钉远程查看） -->
29    <uses-permission android:name="android.permission.INTERNET" />
29-->src/main/AndroidManifest.xml:22:5-67
29-->src/main/AndroidManifest.xml:22:22-64
30    <uses-permission android:name="android.permission.ACCESS_NETWORK_STATE" />
30-->src/main/AndroidManifest.xml:23:5-79
30-->src/main/AndroidManifest.xml:23:22-76
31    <!-- 前台服务权限（Android 9+） -->
32    <uses-permission android:name="android.permission.FOREGROUND_SERVICE" />
32-->src/main/AndroidManifest.xml:25:5-77
32-->src/main/AndroidManifest.xml:25:22-74
33    <!-- 前台服务类型：摄像头（Android 10+） -->
34    <uses-permission android:name="android.permission.FOREGROUND_SERVICE_CAMERA" />
34-->src/main/AndroidManifest.xml:27:5-84
34-->src/main/AndroidManifest.xml:27:22-81
35    <!-- 前台服务类型：数据同步（Android 10+，用于 Telegram 服务） -->
36    <uses-permission android:name="android.permission.FOREGROUND_SERVICE_DATA_SYNC" />
36-->src/main/AndroidManifest.xml:29:5-87
36-->src/main/AndroidManifest.xml:29:22-84
37    <!-- CPU唤醒锁（保持CPU运行，不亮屏，用于息屏状态下拍照/录制） -->
38    <uses-permission android:name="android.permission.WAKE_LOCK" />
38-->src/main/AndroidManifest.xml:31:5-68
38-->src/main/AndroidManifest.xml:31:22-65
39    <!-- 悬浮窗权限（绕过后台启动Activity限制，需要用户手动授权） -->
40    <uses-permission android:name="android.permission.SYSTEM_ALERT_WINDOW" />
40-->src/main/AndroidManifest.xml:33:5-78
40-->src/main/AndroidManifest.xml:33:22-75
41    <!-- 开机自启动权限 -->
42    <uses-permission android:name="android.permission.RECEIVE_BOOT_COMPLETED" />
42-->src/main/AndroidManifest.xml:35:5-81
42-->src/main/AndroidManifest.xml:35:22-78
43    <!-- 请求电池优化白名单（阻止休眠的关键） -->
44    <uses-permission android:name="android.permission.REQUEST_IGNORE_BATTERY_OPTIMIZATIONS" />
44-->src/main/AndroidManifest.xml:37:5-95
44-->src/main/AndroidManifest.xml:37:22-92
45    <!-- 蓝牙权限（用于监听蓝牙状态变化，车机启动会自动连蓝牙） -->
46    <uses-permission android:name="android.permission.BLUETOOTH" />
46-->src/main/AndroidManifest.xml:39:5-68
46-->src/main/AndroidManifest.xml:39:22-65
47    <uses-permission android:name="android.permission.BLUETOOTH_CONNECT" />
47-->src/main/AndroidManifest.xml:40:5-76
47-->src/main/AndroidManifest.xml:40:22-73
48
49    <!-- 声明使用摄像头功能 -->
50    <uses-feature
50-->src/main/AndroidManifest.xml:43:5-84
51        android:name="android.hardware.camera"
51-->src/main/AndroidManifest.xml:43:19-57
52        android:required="true" />
52-->src/main/AndroidManifest.xml:43:58-81
53    <uses-feature
53-->src/main/AndroidManifest.xml:44:5-95
54        android:name="android.hardware.camera.autofocus"
54-->src/main/AndroidManifest.xml:44:19-67
55        android:required="false" />
55-->src/main/AndroidManifest.xml:44:68-92
56
57    <permission
57-->[androidx.core:core:1.16.0] AndroidManifest.xml:22:5-24:47
58        android:name="com.kooo.evcam.DYNAMIC_RECEIVER_NOT_EXPORTED_PERMISSION"
58-->[androidx.core:core:1.16.0] AndroidManifest.xml:23:9-81
59        android:protectionLevel="signature" />
59-->[androidx.core:core:1.16.0] AndroidManifest.xml:24:9-44
60
61    <uses-permission android:name="com.kooo.evcam.DYNAMIC_RECEIVER_NOT_EXPORTED_PERMISSION" />
61-->[androidx.core:core:1.16.0] AndroidManifest.xml:26:5-97
61-->[androidx.core:core:1.16.0] AndroidManifest.xml:26:22-94
62
63    <application
63-->src/main/AndroidManifest.xml:46:5-263:19
64        android:allowBackup="true"
64-->src/main/AndroidManifest.xml:47:9-35
65        android:appComponentFactory="androidx.core.app.CoreComponentFactory"
65-->[androidx.core:core:1.16.0] AndroidManifest.xml:28:18-86
66        android:dataExtractionRules="@xml/data_extraction_rules"
66-->src/main/AndroidManifest.xml:48:9-65
67        android:debuggable="true"
68        android:extractNativeLibs="false"
69        android:fullBackupContent="@xml/backup_rules"
69-->src/main/AndroidManifest.xml:49:9-54
70        android:icon="@mipmap/ic_launcher"
70-->src/main/AndroidManifest.xml:50:9-43
71        android:label="@string/app_name"
71-->src/main/AndroidManifest.xml:51:9-41
72        android:roundIcon="@mipmap/ic_launcher_round"
72-->src/main/AndroidManifest.xml:52:9-54
73        android:supportsRtl="true"
73-->src/main/AndroidManifest.xml:53:9-35
74        android:testOnly="true"
75        android:theme="@style/Theme.Cam"
75-->src/main/AndroidManifest.xml:55:9-41
76        android:usesCleartextTraffic="true" >
76-->src/main/AndroidManifest.xml:54:9-44
77
78        <!-- 高优先级保活 Provider：在应用启动的最早阶段初始化服务 -->
79        <!-- initOrder="2147483647" 确保最先执行（参考保活效果好的应用） -->
80        <provider
81            android:name="com.kooo.evcam.KeepAliveProvider"
81-->src/main/AndroidManifest.xml:60:13-46
82            android:authorities="com.kooo.evcam.keepalive"
82-->src/main/AndroidManifest.xml:61:13-61
83            android:exported="false"
83-->src/main/AndroidManifest.xml:62:13-37
84            android:initOrder="2147483647" />
84-->src/main/AndroidManifest.xml:63:13-43
85
86        <!-- FileProvider for sharing video files -->
87        <provider
88            android:name="androidx.core.content.FileProvider"
88-->src/main/AndroidManifest.xml:67:13-62
89            android:authorities="com.kooo.evcam.fileprovider"
89-->src/main/AndroidManifest.xml:68:13-64
90            android:exported="false"
90-->src/main/AndroidManifest.xml:69:13-37
91            android:grantUriPermissions="true" >
91-->src/main/AndroidManifest.xml:70:13-47
92            <meta-data
92-->src/main/AndroidManifest.xml:71:13-73:54
93                android:name="android.support.FILE_PROVIDER_PATHS"
93-->src/main/AndroidManifest.xml:72:17-67
94                android:resource="@xml/file_paths" />
94-->src/main/AndroidManifest.xml:73:17-51
95        </provider>
96
97        <activity
97-->src/main/AndroidManifest.xml:76:9-85:20
98            android:name="com.kooo.evcam.MainActivity"
98-->src/main/AndroidManifest.xml:77:13-41
99            android:exported="true"
99-->src/main/AndroidManifest.xml:78:13-36
100            android:launchMode="singleTask" >
100-->src/main/AndroidManifest.xml:79:13-44
101            <intent-filter>
101-->src/main/AndroidManifest.xml:80:13-84:29
102                <action android:name="android.intent.action.MAIN" />
102-->src/main/AndroidManifest.xml:81:17-69
102-->src/main/AndroidManifest.xml:81:25-66
103
104                <category android:name="android.intent.category.LAUNCHER" />
104-->src/main/AndroidManifest.xml:83:17-77
104-->src/main/AndroidManifest.xml:83:27-74
105            </intent-filter>
106        </activity>
107
108        <!-- 内置图片查看器 -->
109        <activity
109-->src/main/AndroidManifest.xml:88:9-91:59
110            android:name="com.kooo.evcam.PhotoViewerActivity"
110-->src/main/AndroidManifest.xml:89:13-48
111            android:exported="false"
111-->src/main/AndroidManifest.xml:90:13-37
112            android:theme="@style/Theme.Cam.Fullscreen" />
112-->src/main/AndroidManifest.xml:91:13-56
113
114        <!-- 内置视频播放器 -->
115        <activity
115-->src/main/AndroidManifest.xml:94:9-97:59
116            android:name="com.kooo.evcam.VideoPlayerActivity"
116-->src/main/AndroidManifest.xml:95:13-48
117            android:exported="false"
117-->src/main/AndroidManifest.xml:96:13-37
118            android:theme="@style/Theme.Cam.Fullscreen" />
118-->src/main/AndroidManifest.xml:97:13-56
119
120        <!-- 透明启动 Activity：用于开机自启动，完全无感知 -->
121        <activity
121-->src/main/AndroidManifest.xml:100:9-106:39
122            android:name="com.kooo.evcam.TransparentBootActivity"
122-->src/main/AndroidManifest.xml:101:13-52
123            android:excludeFromRecents="true"
123-->src/main/AndroidManifest.xml:104:13-46
124            android:exported="false"
124-->src/main/AndroidManifest.xml:102:13-37
125            android:noHistory="true"
125-->src/main/AndroidManifest.xml:105:13-37
126            android:taskAffinity=""
126-->src/main/AndroidManifest.xml:106:13-36
127            android:theme="@style/Theme.Cam.Transparent" />
127-->src/main/AndroidManifest.xml:103:13-57
128
129        <!-- 前台服务：用于后台录制保护 -->
130        <service
130-->src/main/AndroidManifest.xml:109:9-112:40
131            android:name="com.kooo.evcam.CameraForegroundService"
131-->src/main/AndroidManifest.xml:110:13-52
132            android:exported="false"
132-->src/main/AndroidManifest.xml:112:13-37
133            android:foregroundServiceType="camera" />
133-->src/main/AndroidManifest.xml:111:13-51
134
135        <!-- 悬浮窗服务：显示悬浮录制按钮 -->
136        <service
136-->src/main/AndroidManifest.xml:115:9-117:40
137            android:name="com.kooo.evcam.FloatingWindowService"
137-->src/main/AndroidManifest.xml:116:13-50
138            android:exported="false" />
138-->src/main/AndroidManifest.xml:117:13-37
139
140        <!-- 补盲选项服务 (副屏显示+主屏悬浮窗) -->
141        <service
141-->src/main/AndroidManifest.xml:120:9-122:40
142            android:name="com.kooo.evcam.BlindSpotService"
142-->src/main/AndroidManifest.xml:121:13-45
143            android:exported="false" />
143-->src/main/AndroidManifest.xml:122:13-37
144
145        <activity
145-->src/main/AndroidManifest.xml:124:9-128:40
146            android:name="com.kooo.evcam.LogcatViewerActivity"
146-->src/main/AndroidManifest.xml:125:13-49
147            android:exported="false"
147-->src/main/AndroidManifest.xml:128:13-37
148            android:screenOrientation="landscape"
148-->src/main/AndroidManifest.xml:127:13-50
149            android:theme="@android:style/Theme.DeviceDefault.NoActionBar" />
149-->src/main/AndroidManifest.xml:126:13-75
150
151        <!-- 无障碍服务：用于保活 -->
152        <service
152-->src/main/AndroidManifest.xml:131:9-141:19
153            android:name="com.kooo.evcam.KeepAliveAccessibilityService"
153-->src/main/AndroidManifest.xml:132:13-58
154            android:exported="true"
154-->src/main/AndroidManifest.xml:134:13-36
155            android:permission="android.permission.BIND_ACCESSIBILITY_SERVICE" >
155-->src/main/AndroidManifest.xml:133:13-79
156            <intent-filter>
156-->src/main/AndroidManifest.xml:135:13-137:29
157                <action android:name="android.accessibilityservice.AccessibilityService" />
157-->src/main/AndroidManifest.xml:136:17-92
157-->src/main/AndroidManifest.xml:136:25-89
158            </intent-filter>
159
160            <meta-data
160-->src/main/AndroidManifest.xml:138:13-140:72
161                android:name="android.accessibilityservice"
161-->src/main/AndroidManifest.xml:139:17-60
162                android:resource="@xml/accessibility_service_config" />
162-->src/main/AndroidManifest.xml:140:17-69
163        </service>
164
165        <!-- 开机自启动广播接收器 -->
166        <receiver
166-->src/main/AndroidManifest.xml:144:9-153:20
167            android:name="com.kooo.evcam.BootReceiver"
167-->src/main/AndroidManifest.xml:145:13-41
168            android:enabled="true"
168-->src/main/AndroidManifest.xml:146:13-35
169            android:exported="true" >
169-->src/main/AndroidManifest.xml:147:13-36
170            <intent-filter android:priority="1000" >
170-->src/main/AndroidManifest.xml:148:13-152:29
170-->src/main/AndroidManifest.xml:148:28-51
171                <action android:name="android.intent.action.BOOT_COMPLETED" />
171-->src/main/AndroidManifest.xml:149:17-79
171-->src/main/AndroidManifest.xml:149:25-76
172                <action android:name="android.intent.action.QUICKBOOT_POWERON" />
172-->src/main/AndroidManifest.xml:150:17-82
172-->src/main/AndroidManifest.xml:150:25-79
173
174                <category android:name="android.intent.category.DEFAULT" />
174-->src/main/AndroidManifest.xml:151:17-76
174-->src/main/AndroidManifest.xml:151:27-73
175            </intent-filter>
176        </receiver>
177
178        <!-- 保活广播接收器：监听多种系统事件确保服务运行 -->
179        <!-- 策略：广撒网，只要系统有任何动静就唤醒（参考 Macrodroid） -->
180        <!-- 注意：TIME_TICK 只能动态注册，这里注册其他可静态注册的广播 -->
181        <receiver
181-->src/main/AndroidManifest.xml:158:9-262:20
182            android:name="com.kooo.evcam.KeepAliveReceiver"
182-->src/main/AndroidManifest.xml:159:13-46
183            android:enabled="true"
183-->src/main/AndroidManifest.xml:160:13-35
184            android:exported="true" >
184-->src/main/AndroidManifest.xml:161:13-36
185            <intent-filter android:priority="1000" >
185-->src/main/AndroidManifest.xml:162:13-245:29
185-->src/main/AndroidManifest.xml:162:28-51
186
187                <!-- ========== 屏幕相关（车机点火必亮屏） ========== -->
188                <!-- 屏幕亮起：点火必亮屏，这是车机上最稳的触发信号 -->
189                <action android:name="android.intent.action.SCREEN_ON" />
189-->src/main/AndroidManifest.xml:165:17-74
189-->src/main/AndroidManifest.xml:165:25-71
190                <!-- 屏幕关闭：熄火/息屏时触发 -->
191                <action android:name="android.intent.action.SCREEN_OFF" />
191-->src/main/AndroidManifest.xml:167:17-75
191-->src/main/AndroidManifest.xml:167:25-72
192                <!-- 用户解锁屏幕 -->
193                <action android:name="android.intent.action.USER_PRESENT" />
193-->src/main/AndroidManifest.xml:169:17-77
193-->src/main/AndroidManifest.xml:169:25-74
194
195                <!-- ========== 电源相关（车机点火必通电） ========== -->
196                <!-- 电源接通：点火必通电，非常可靠的触发信号 -->
197                <action android:name="android.intent.action.ACTION_POWER_CONNECTED" />
197-->src/main/AndroidManifest.xml:173:17-87
197-->src/main/AndroidManifest.xml:173:25-84
198                <!-- 电源断开：熄火时触发 -->
199                <action android:name="android.intent.action.ACTION_POWER_DISCONNECTED" />
199-->src/main/AndroidManifest.xml:175:17-90
199-->src/main/AndroidManifest.xml:175:25-87
200                <!-- 电池状态变化 -->
201                <action android:name="android.intent.action.BATTERY_CHANGED" />
201-->src/main/AndroidManifest.xml:177:17-80
201-->src/main/AndroidManifest.xml:177:25-77
202                <!-- 电量低 -->
203                <action android:name="android.intent.action.BATTERY_LOW" />
203-->src/main/AndroidManifest.xml:179:17-76
203-->src/main/AndroidManifest.xml:179:25-73
204                <!-- 电量恢复正常 -->
205                <action android:name="android.intent.action.BATTERY_OKAY" />
205-->src/main/AndroidManifest.xml:181:17-77
205-->src/main/AndroidManifest.xml:181:25-74
206
207                <!-- ========== 蓝牙相关（车机启动会自动连手机蓝牙） ========== -->
208                <!-- 蓝牙状态改变：开/关蓝牙 -->
209                <action android:name="android.bluetooth.adapter.action.STATE_CHANGED" />
209-->src/main/AndroidManifest.xml:185:17-89
209-->src/main/AndroidManifest.xml:185:25-86
210                <!-- 蓝牙连接状态变化 -->
211                <action android:name="android.bluetooth.adapter.action.CONNECTION_STATE_CHANGED" />
211-->src/main/AndroidManifest.xml:187:17-100
211-->src/main/AndroidManifest.xml:187:25-97
212                <!-- 蓝牙设备连接 -->
213                <action android:name="android.bluetooth.device.action.ACL_CONNECTED" />
213-->src/main/AndroidManifest.xml:189:17-88
213-->src/main/AndroidManifest.xml:189:25-85
214                <!-- 蓝牙设备断开 -->
215                <action android:name="android.bluetooth.device.action.ACL_DISCONNECTED" />
215-->src/main/AndroidManifest.xml:191:17-91
215-->src/main/AndroidManifest.xml:191:25-88
216
217                <!-- ========== USB/存储相关（插U盘触发） ========== -->
218                <!-- 存储挂载（插入U盘/SD卡） -->
219                <action android:name="android.intent.action.MEDIA_MOUNTED" />
219-->src/main/AndroidManifest.xml:195:17-78
219-->src/main/AndroidManifest.xml:195:25-75
220                <!-- 存储卸载 -->
221                <action android:name="android.intent.action.MEDIA_UNMOUNTED" />
221-->src/main/AndroidManifest.xml:197:17-80
221-->src/main/AndroidManifest.xml:197:25-77
222                <!-- 存储移除 -->
223                <action android:name="android.intent.action.MEDIA_REMOVED" />
223-->src/main/AndroidManifest.xml:199:17-78
223-->src/main/AndroidManifest.xml:199:25-75
224                <!-- 存储弹出 -->
225                <action android:name="android.intent.action.MEDIA_EJECT" />
225-->src/main/AndroidManifest.xml:201:17-76
225-->src/main/AndroidManifest.xml:201:25-73
226                <!-- USB设备连接 -->
227                <action android:name="android.hardware.usb.action.USB_DEVICE_ATTACHED" />
227-->src/main/AndroidManifest.xml:203:17-90
227-->src/main/AndroidManifest.xml:203:25-87
228                <!-- USB设备断开 -->
229                <action android:name="android.hardware.usb.action.USB_DEVICE_DETACHED" />
229-->src/main/AndroidManifest.xml:205:17-90
229-->src/main/AndroidManifest.xml:205:25-87
230
231                <!-- ========== 网络相关 ========== -->
232                <!-- 网络状态变化 -->
233                <action android:name="android.net.conn.CONNECTIVITY_CHANGE" />
233-->src/main/AndroidManifest.xml:209:17-79
233-->src/main/AndroidManifest.xml:209:25-76
234                <!-- WiFi状态变化 -->
235                <action android:name="android.net.wifi.STATE_CHANGE" />
235-->src/main/AndroidManifest.xml:211:17-72
235-->src/main/AndroidManifest.xml:211:25-69
236                <!-- WiFi扫描结果 -->
237                <action android:name="android.net.wifi.SCAN_RESULTS" />
237-->src/main/AndroidManifest.xml:213:17-72
237-->src/main/AndroidManifest.xml:213:25-69
238
239                <!-- ========== 音频相关 ========== -->
240                <!-- 耳机插拔 -->
241                <action android:name="android.intent.action.HEADSET_PLUG" />
241-->src/main/AndroidManifest.xml:217:17-77
241-->src/main/AndroidManifest.xml:217:25-74
242                <!-- 音频输出设备变化 -->
243                <action android:name="android.media.AUDIO_BECOMING_NOISY" />
243-->src/main/AndroidManifest.xml:219:17-77
243-->src/main/AndroidManifest.xml:219:25-74
244
245                <!-- ========== 时间/时区相关 ========== -->
246                <!-- 时区变化 -->
247                <action android:name="android.intent.action.TIMEZONE_CHANGED" />
247-->src/main/AndroidManifest.xml:223:17-81
247-->src/main/AndroidManifest.xml:223:25-78
248                <!-- 时间设置变化 -->
249                <action android:name="android.intent.action.TIME_SET" />
249-->src/main/AndroidManifest.xml:225:17-73
249-->src/main/AndroidManifest.xml:225:25-70
250                <!-- 日期变化（跨天） -->
251                <action android:name="android.intent.action.DATE_CHANGED" />
251-->src/main/AndroidManifest.xml:227:17-77
251-->src/main/AndroidManifest.xml:227:25-74
252
253                <!-- ========== 系统配置相关 ========== -->
254                <!-- 语言/区域变化 -->
255                <action android:name="android.intent.action.LOCALE_CHANGED" />
255-->src/main/AndroidManifest.xml:231:17-79
255-->src/main/AndroidManifest.xml:231:25-76
256                <!-- 飞行模式切换 -->
257                <action android:name="android.intent.action.AIRPLANE_MODE" />
257-->src/main/AndroidManifest.xml:233:17-78
257-->src/main/AndroidManifest.xml:233:25-75
258
259                <!-- ========== 应用相关 ========== -->
260                <!-- 应用安装 -->
261                <action android:name="android.intent.action.PACKAGE_ADDED" />
261-->src/main/AndroidManifest.xml:237:17-78
261-->src/main/AndroidManifest.xml:237:25-75
262                <!-- 应用更新 -->
263                <action android:name="android.intent.action.PACKAGE_REPLACED" />
263-->src/main/AndroidManifest.xml:239:17-81
263-->src/main/AndroidManifest.xml:239:25-78
264                <!-- 我的应用被替换（更新后重新激活） -->
265                <action android:name="android.intent.action.MY_PACKAGE_REPLACED" />
265-->src/main/AndroidManifest.xml:241:17-84
265-->src/main/AndroidManifest.xml:241:25-81
266
267                <!-- ========== 自定义保活广播 ========== -->
268                <action android:name="com.kooo.evcam.ACTION_KEEP_ALIVE" />
268-->src/main/AndroidManifest.xml:244:17-75
268-->src/main/AndroidManifest.xml:244:25-72
269            </intent-filter>
270
271            <!-- 存储相关广播需要 data scheme -->
272            <intent-filter android:priority="1000" >
272-->src/main/AndroidManifest.xml:248:13-254:29
272-->src/main/AndroidManifest.xml:248:28-51
273                <action android:name="android.intent.action.MEDIA_MOUNTED" />
273-->src/main/AndroidManifest.xml:195:17-78
273-->src/main/AndroidManifest.xml:195:25-75
274                <action android:name="android.intent.action.MEDIA_UNMOUNTED" />
274-->src/main/AndroidManifest.xml:197:17-80
274-->src/main/AndroidManifest.xml:197:25-77
275                <action android:name="android.intent.action.MEDIA_REMOVED" />
275-->src/main/AndroidManifest.xml:199:17-78
275-->src/main/AndroidManifest.xml:199:25-75
276                <action android:name="android.intent.action.MEDIA_EJECT" />
276-->src/main/AndroidManifest.xml:201:17-76
276-->src/main/AndroidManifest.xml:201:25-73
277
278                <data android:scheme="file" />
278-->src/main/AndroidManifest.xml:253:17-47
278-->src/main/AndroidManifest.xml:253:23-44
279            </intent-filter>
280
281            <!-- 应用包相关广播需要 data scheme -->
282            <intent-filter android:priority="1000" >
282-->src/main/AndroidManifest.xml:257:13-261:29
282-->src/main/AndroidManifest.xml:257:28-51
283                <action android:name="android.intent.action.PACKAGE_ADDED" />
283-->src/main/AndroidManifest.xml:237:17-78
283-->src/main/AndroidManifest.xml:237:25-75
284                <action android:name="android.intent.action.PACKAGE_REPLACED" />
284-->src/main/AndroidManifest.xml:239:17-81
284-->src/main/AndroidManifest.xml:239:25-78
285
286                <data android:scheme="package" />
286-->src/main/AndroidManifest.xml:253:17-47
286-->src/main/AndroidManifest.xml:253:23-44
287            </intent-filter>
288        </receiver>
289
290        <provider
290-->[androidx.work:work-runtime:2.9.0] AndroidManifest.xml:29:9-37:20
291            android:name="androidx.startup.InitializationProvider"
291-->[androidx.work:work-runtime:2.9.0] AndroidManifest.xml:30:13-67
292            android:authorities="com.kooo.evcam.androidx-startup"
292-->[androidx.work:work-runtime:2.9.0] AndroidManifest.xml:31:13-68
293            android:exported="false" >
293-->[androidx.work:work-runtime:2.9.0] AndroidManifest.xml:32:13-37
294            <meta-data
294-->[androidx.work:work-runtime:2.9.0] AndroidManifest.xml:34:13-36:52
295                android:name="androidx.work.WorkManagerInitializer"
295-->[androidx.work:work-runtime:2.9.0] AndroidManifest.xml:35:17-68
296                android:value="androidx.startup" />
296-->[androidx.work:work-runtime:2.9.0] AndroidManifest.xml:36:17-49
297            <meta-data
297-->[androidx.emoji2:emoji2:1.3.0] AndroidManifest.xml:29:13-31:52
298                android:name="androidx.emoji2.text.EmojiCompatInitializer"
298-->[androidx.emoji2:emoji2:1.3.0] AndroidManifest.xml:30:17-75
299                android:value="androidx.startup" />
299-->[androidx.emoji2:emoji2:1.3.0] AndroidManifest.xml:31:17-49
300            <meta-data
300-->[androidx.lifecycle:lifecycle-process:2.6.2] AndroidManifest.xml:29:13-31:52
301                android:name="androidx.lifecycle.ProcessLifecycleInitializer"
301-->[androidx.lifecycle:lifecycle-process:2.6.2] AndroidManifest.xml:30:17-78
302                android:value="androidx.startup" />
302-->[androidx.lifecycle:lifecycle-process:2.6.2] AndroidManifest.xml:31:17-49
303            <meta-data
303-->[androidx.profileinstaller:profileinstaller:1.4.0] AndroidManifest.xml:29:13-31:52
304                android:name="androidx.profileinstaller.ProfileInstallerInitializer"
304-->[androidx.profileinstaller:profileinstaller:1.4.0] AndroidManifest.xml:30:17-85
305                android:value="androidx.startup" />
305-->[androidx.profileinstaller:profileinstaller:1.4.0] AndroidManifest.xml:31:17-49
306        </provider>
307
308        <service
308-->[androidx.work:work-runtime:2.9.0] AndroidManifest.xml:39:9-45:35
309            android:name="androidx.work.impl.background.systemalarm.SystemAlarmService"
309-->[androidx.work:work-runtime:2.9.0] AndroidManifest.xml:40:13-88
310            android:directBootAware="false"
310-->[androidx.work:work-runtime:2.9.0] AndroidManifest.xml:41:13-44
311            android:enabled="@bool/enable_system_alarm_service_default"
311-->[androidx.work:work-runtime:2.9.0] AndroidManifest.xml:42:13-72
312            android:exported="false" />
312-->[androidx.work:work-runtime:2.9.0] AndroidManifest.xml:43:13-37
313        <service
313-->[androidx.work:work-runtime:2.9.0] AndroidManifest.xml:46:9-52:35
314            android:name="androidx.work.impl.background.systemjob.SystemJobService"
314-->[androidx.work:work-runtime:2.9.0] AndroidManifest.xml:47:13-84
315            android:directBootAware="false"
315-->[androidx.work:work-runtime:2.9.0] AndroidManifest.xml:48:13-44
316            android:enabled="@bool/enable_system_job_service_default"
316-->[androidx.work:work-runtime:2.9.0] AndroidManifest.xml:49:13-70
317            android:exported="true"
317-->[androidx.work:work-runtime:2.9.0] AndroidManifest.xml:50:13-36
318            android:permission="android.permission.BIND_JOB_SERVICE" />
318-->[androidx.work:work-runtime:2.9.0] AndroidManifest.xml:51:13-69
319        <service
319-->[androidx.work:work-runtime:2.9.0] AndroidManifest.xml:53:9-59:35
320            android:name="androidx.work.impl.foreground.SystemForegroundService"
320-->[androidx.work:work-runtime:2.9.0] AndroidManifest.xml:54:13-81
321            android:directBootAware="false"
321-->[androidx.work:work-runtime:2.9.0] AndroidManifest.xml:55:13-44
322            android:enabled="@bool/enable_system_foreground_service_default"
322-->[androidx.work:work-runtime:2.9.0] AndroidManifest.xml:56:13-77
323            android:exported="false" />
323-->[androidx.work:work-runtime:2.9.0] AndroidManifest.xml:57:13-37
324
325        <receiver
325-->[androidx.work:work-runtime:2.9.0] AndroidManifest.xml:61:9-66:35
326            android:name="androidx.work.impl.utils.ForceStopRunnable$BroadcastReceiver"
326-->[androidx.work:work-runtime:2.9.0] AndroidManifest.xml:62:13-88
327            android:directBootAware="false"
327-->[androidx.work:work-runtime:2.9.0] AndroidManifest.xml:63:13-44
328            android:enabled="true"
328-->[androidx.work:work-runtime:2.9.0] AndroidManifest.xml:64:13-35
329            android:exported="false" />
329-->[androidx.work:work-runtime:2.9.0] AndroidManifest.xml:65:13-37
330        <receiver
330-->[androidx.work:work-runtime:2.9.0] AndroidManifest.xml:67:9-77:20
331            android:name="androidx.work.impl.background.systemalarm.ConstraintProxy$BatteryChargingProxy"
331-->[androidx.work:work-runtime:2.9.0] AndroidManifest.xml:68:13-106
332            android:directBootAware="false"
332-->[androidx.work:work-runtime:2.9.0] AndroidManifest.xml:69:13-44
333            android:enabled="false"
333-->[androidx.work:work-runtime:2.9.0] AndroidManifest.xml:70:13-36
334            android:exported="false" >
334-->[androidx.work:work-runtime:2.9.0] AndroidManifest.xml:71:13-37
335            <intent-filter>
335-->[androidx.work:work-runtime:2.9.0] AndroidManifest.xml:73:13-76:29
336                <action android:name="android.intent.action.ACTION_POWER_CONNECTED" />
336-->src/main/AndroidManifest.xml:173:17-87
336-->src/main/AndroidManifest.xml:173:25-84
337                <action android:name="android.intent.action.ACTION_POWER_DISCONNECTED" />
337-->src/main/AndroidManifest.xml:175:17-90
337-->src/main/AndroidManifest.xml:175:25-87
338            </intent-filter>
339        </receiver>
340        <receiver
340-->[androidx.work:work-runtime:2.9.0] AndroidManifest.xml:78:9-88:20
341            android:name="androidx.work.impl.background.systemalarm.ConstraintProxy$BatteryNotLowProxy"
341-->[androidx.work:work-runtime:2.9.0] AndroidManifest.xml:79:13-104
342            android:directBootAware="false"
342-->[androidx.work:work-runtime:2.9.0] AndroidManifest.xml:80:13-44
343            android:enabled="false"
343-->[androidx.work:work-runtime:2.9.0] AndroidManifest.xml:81:13-36
344            android:exported="false" >
344-->[androidx.work:work-runtime:2.9.0] AndroidManifest.xml:82:13-37
345            <intent-filter>
345-->[androidx.work:work-runtime:2.9.0] AndroidManifest.xml:84:13-87:29